<?xml version="1.0" encoding="UTF-8"?>
<testng-results ignored="0" total="2" passed="2" failed="0" skipped="0">
  <reporter-output>
  </reporter-output>
  <suite started-at="2020-10-04T11:12:03Z" name="Default suite" finished-at="2020-10-04T11:13:07Z" duration-ms="64430">
    <groups>
    </groups>
    <test started-at="2020-10-04T11:12:03Z" name="Default test" finished-at="2020-10-04T11:13:07Z" duration-ms="64430">
      <class name="com.search.test.findRates">
        <test-method is-config="true" signature="setUpStepEnv()[pri:0, instance:com.search.test.findRates@290222c1]" started-at="2020-10-04T16:42:03Z" name="setUpStepEnv" finished-at="2020-10-04T16:42:03Z" duration-ms="22" status="PASS">
          <reporter-output>
          </reporter-output>
        </test-method> <!-- setUpStepEnv -->
        <test-method signature="searchAmazon()[pri:1, instance:com.search.test.findRates@290222c1]" started-at="2020-10-04T16:42:03Z" name="searchAmazon" finished-at="2020-10-04T16:42:48Z" duration-ms="45243" status="PASS">
          <reporter-output>
          </reporter-output>
        </test-method> <!-- searchAmazon -->
        <test-method signature="searchFlipkart()[pri:2, instance:com.search.test.findRates@290222c1]" started-at="2020-10-04T16:42:48Z" name="searchFlipkart" finished-at="2020-10-04T16:43:07Z" duration-ms="19113" status="PASS">
          <reporter-output>
          </reporter-output>
        </test-method> <!-- searchFlipkart -->
        <test-method is-config="true" signature="compareResult()[pri:0, instance:com.search.test.findRates@290222c1]" started-at="2020-10-04T16:43:07Z" name="compareResult" finished-at="2020-10-04T16:43:07Z" duration-ms="0" status="PASS">
          <reporter-output>
          </reporter-output>
        </test-method> <!-- compareResult -->
      </class> <!-- com.search.test.findRates -->
    </test> <!-- Default test -->
  </suite> <!-- Default suite -->
</testng-results>
